#
# A fatal error has been detected by the Java Runtime Environment:
#
#  SIGFPE (0x8) at pc=0x7f14d509, pid=28930, tid=2150800240
#
# JRE version: 6.0_20-b02
# Java VM: Java HotSpot(TM) Server VM (16.3-b01 mixed mode linux-x86 )
# Problematic frame:
# C  [libglib-2.0.so.0+0x2c509]  g_hash_table_lookup+0x39
#
# If you would like to submit a bug report, please visit:
#   http://java.sun.com/webapps/bugreport/crash.jsp
#

---------------  T H R E A D  ---------------

Current thread is native thread

siginfo:si_signo=SIGFPE: si_errno=0, si_code=1 (FPE_INTDIV), si_addr=0x7f14d509

Registers:
EAX=0x00000002, EBX=0x7f1e9ff4, ECX=0x00000001, EDX=0x00000000
ESP=0x80329040, EBP=0x80329078, ESI=0x097250f0, EDI=0x096c10d8
EIP=0x7f14d509, CR2=0xb78c2100, EFLAGS=0x00210246

Top of Stack: (sp=0x80329040)
0x80329040:   0984f230 096c10d8 80329078 7f16513c
0x80329050:   b7714f27 0000001d 0972fa38 00000002
0x80329060:   00000001 096c10f4 00007133 7ee25ff4
0x80329070:   096c10c0 096c10d8 803290e8 7ee0a8c3
0x80329080:   097250f0 0984f230 0000001c 00000000
0x80329090:   7ee0fb09 7ee25ff4 803290e8 7ee25ff4
0x803290a0:   096c10c0 00000000 0984f230 00000000
0x803290b0:   7ee22f80 803290cc 096c10c0 00000000 

Instructions: (pc=0x7f14d509)
0x7f14d4f9:   f8 01 89 45 e4 0f 86 a6 00 00 00 8b 45 e4 31 d2
0x7f14d509:   f7 76 04 8d 04 52 89 d7 c1 e0 02 03 46 14 8b 48 

Stack: [0x802d9000,0x8032a000],  sp=0x80329040,  free space=14080328990k
Native frames: (J=compiled Java code, j=interpreted, Vv=VM code, C=native code)
C  [libglib-2.0.so.0+0x2c509]  g_hash_table_lookup+0x39
C  [libORBit-2.so.0+0x358c3]  ORBit_handle_request+0xf3
C  [libORBit-2.so.0+0x1e0e2]  giop_connection_handle_input+0x372
C  [libORBit-2.so.0+0x3d203]
C  [libORBit-2.so.0+0x3fa76]
C  [libglib-2.0.so.0+0x3b5e5]  g_main_context_dispatch+0x1d5
C  [libglib-2.0.so.0+0x3f2d8]
C  [libglib-2.0.so.0+0x3f817]  g_main_loop_run+0x187
C  [libORBit-2.so.0+0x3b400]
C  [libglib-2.0.so.0+0x65def]
C  [libpthread.so.0+0x596e]


---------------  P R O C E S S  ---------------

VM state:not at safepoint (normal execution)

VM Mutex/Monitor currently owned by a thread: None

Heap
 PSYoungGen      total 13952K, used 10531K [0xa3d70000, 0xa4d00000, 0xb36c0000)
  eden space 11968K, 71% used [0xa3d70000,0xa45c9ef8,0xa4920000)
  from space 1984K, 99% used [0xa4920000,0xa4b0f000,0xa4b10000)
  to   space 1984K, 0% used [0xa4b10000,0xa4b10000,0xa4d00000)
 PSOldGen        total 31936K, used 1790K [0x84ac0000, 0x869f0000, 0xa3d70000)
  object space 31936K, 5% used [0x84ac0000,0x84c7f890,0x869f0000)
 PSPermGen       total 16384K, used 12195K [0x80ac0000, 0x81ac0000, 0x84ac0000)
  object space 16384K, 74% used [0x80ac0000,0x816a8ff8,0x81ac0000)

Dynamic libraries:
08048000-08052000 r-xp 00000000 08:06 3564755    /usr/lib/jvm/java-6-sun-1.6.0.20/jre/bin/java
08052000-08053000 rwxp 00009000 08:06 3564755    /usr/lib/jvm/java-6-sun-1.6.0.20/jre/bin/java
094a3000-09a83000 rwxp 00000000 00:00 0          [heap]
7d80f000-7d810000 ---p 00000000 00:00 0 
7d810000-7e010000 rwxp 00000000 00:00 0 
7e010000-7e011000 ---p 00000000 00:00 0 
7e011000-7e811000 rwxp 00000000 00:00 0 
7e811000-7e86b000 r-xp 00000000 08:06 3460081    /tmp/libsqlitejdbc-4096316014775832153.lib
7e86b000-7e86d000 rwxp 0005a000 08:06 3460081    /tmp/libsqlitejdbc-4096316014775832153.lib
7e86d000-7e970000 rwxs 00000000 00:04 217251916  /SYSV00000000 (deleted)
7e970000-7ea5a000 rwxp 00000000 00:00 0 
7ea5a000-7eaba000 rwxs 00000000 00:04 217219147  /SYSV00000000 (deleted)
7eaba000-7eabd000 ---p 00000000 00:00 0 
7eabd000-7eb0b000 rwxp 00000000 00:00 0 
7eb0b000-7eb0e000 ---p 00000000 00:00 0 
7eb0e000-7eb5c000 rwxp 00000000 00:00 0 
7eb5c000-7eb5f000 ---p 00000000 00:00 0 
7eb5f000-7ebad000 rwxp 00000000 00:00 0 
7ebad000-7ebb0000 ---p 00000000 00:00 0 
7ebb0000-7ebfe000 rwxp 00000000 00:00 0 
7ebfe000-7ec08000 r-xp 00000000 08:06 4014280    /lib/libudev.so.0.6.1
7ec08000-7ec09000 r-xp 00009000 08:06 4014280    /lib/libudev.so.0.6.1
7ec09000-7ec0a000 rwxp 0000a000 08:06 4014280    /lib/libudev.so.0.6.1
7ec0a000-7ec1e000 r-xp 00000000 08:06 3139544    /usr/lib/libgvfscommon.so.0.0.0
7ec1e000-7ec1f000 r-xp 00013000 08:06 3139544    /usr/lib/libgvfscommon.so.0.0.0
7ec1f000-7ec20000 rwxp 00014000 08:06 3139544    /usr/lib/libgvfscommon.so.0.0.0
7ec20000-7ec44000 r-xp 00000000 08:06 3170553    /usr/lib/gio/modules/libgvfsdbus.so
7ec44000-7ec45000 r-xp 00023000 08:06 3170553    /usr/lib/gio/modules/libgvfsdbus.so
7ec45000-7ec46000 rwxp 00024000 08:06 3170553    /usr/lib/gio/modules/libgvfsdbus.so
7ec46000-7ec7d000 r-xp 00000000 08:06 4014206    /lib/libdbus-1.so.3.4.0
7ec7d000-7ec7e000 r-xp 00036000 08:06 4014206    /lib/libdbus-1.so.3.4.0
7ec7e000-7ec7f000 rwxp 00037000 08:06 4014206    /lib/libdbus-1.so.3.4.0
7ec7f000-7ecb8000 r-xp 00000000 08:06 3138084    /usr/lib/libibus.so.1.0.0
7ecb8000-7ecb9000 r-xp 00039000 08:06 3138084    /usr/lib/libibus.so.1.0.0
7ecb9000-7ecba000 rwxp 0003a000 08:06 3138084    /usr/lib/libibus.so.1.0.0
7ecce000-7ecd5000 r-xs 00111000 08:06 3564832    /usr/lib/jvm/java-6-sun-1.6.0.20/jre/lib/resources.jar
7ecd5000-7ecda000 r-xp 00000000 08:06 3171042    /usr/lib/gtk-2.0/2.10.0/immodules/im-ibus.so
7ecda000-7ecdb000 r-xp 00004000 08:06 3171042    /usr/lib/gtk-2.0/2.10.0/immodules/im-ibus.so
7ecdb000-7ecdc000 rwxp 00005000 08:06 3171042    /usr/lib/gtk-2.0/2.10.0/immodules/im-ibus.so
7ecdc000-7ed74000 r-xp 00000000 08:06 2457602    /usr/share/fonts/truetype/ttf-dejavu/DejaVuSans.ttf
7ed74000-7ed76000 r-xp 00000000 08:06 3203156    /usr/lib/pango/1.6.0/modules/pango-basic-fc.so
7ed76000-7ed77000 r-xp 00001000 08:06 3203156    /usr/lib/pango/1.6.0/modules/pango-basic-fc.so
7ed77000-7ed78000 rwxp 00002000 08:06 3203156    /usr/lib/pango/1.6.0/modules/pango-basic-fc.so
7ed78000-7ed7f000 r-xp 00000000 08:06 3564788    /usr/lib/jvm/java-6-sun-1.6.0.20/jre/lib/i386/libnio.so
7ed7f000-7ed80000 rwxp 00006000 08:06 3564788    /usr/lib/jvm/java-6-sun-1.6.0.20/jre/lib/i386/libnio.so
7ed80000-7ed93000 r-xp 00000000 08:06 3564787    /usr/lib/jvm/java-6-sun-1.6.0.20/jre/lib/i386/libnet.so
7ed93000-7ed94000 rwxp 00013000 08:06 3564787    /usr/lib/jvm/java-6-sun-1.6.0.20/jre/lib/i386/libnet.so
7ed94000-7ed95000 r-xs 00000000 08:06 3812195    /var/cache/fontconfig/26de28bc8622bbc1fb67fd234c21975f-le32d4.cache-3
7ed95000-7ed96000 r-xs 00000000 08:06 3812193    /var/cache/fontconfig/c05880de57d1f5e948fdfacc138775d9-le32d4.cache-3
7ed96000-7ed9c000 r-xs 00000000 08:06 3812260    /var/cache/fontconfig/945677eb7aeaf62f1d50efc3fb3ec7d8-le32d4.cache-3
7ed9c000-7ed9f000 r-xs 00000000 08:06 3812251    /var/cache/fontconfig/99e8ed0e538f840c565b6ed5dad60d56-le32d4.cache-3
7ed9f000-7eda1000 r-xs 00000000 08:06 3812248    /var/cache/fontconfig/f24b2111ab8703b4e963115a8cf14259-le32d4.cache-3
7eda1000-7eda4000 r-xs 00000000 08:06 3812184    /var/cache/fontconfig/e383d7ea5fbe662a33d9b44caf393297-le32d4.cache-3
7eda4000-7eda8000 r-xs 00000000 08:06 3812210    /var/cache/fontconfig/062808c12e6e608270f93bb230aed730-le32d4.cache-3
7eda8000-7edac000 r-xs 00000000 08:06 3812208    /var/cache/fontconfig/a755afe4a08bf5b97852ceb7400b47bc-le32d4.cache-3
7edac000-7edb3000 r-xs 00000000 08:06 3812197    /var/cache/fontconfig/6d41288fd70b0be22e8c3a91e032eec0-le32d4.cache-3
7edb3000-7edd5000 r-xs 00000000 08:06 3812181    /var/cache/fontconfig/365b55f210c0a22e9a19e35191240f32-le32d4.cache-3
7edd5000-7ee1e000 r-xp 00000000 08:06 3138995    /usr/lib/libORBit-2.so.0.1.0
7ee1e000-7ee26000 r-xp 00049000 08:06 3138995    /usr/lib/libORBit-2.so.0.1.0
7ee26000-7ee28000 rwxp 00051000 08:06 3138995    /usr/lib/libORBit-2.so.0.1.0
7ee28000-7ee3b000 r-xp 00000000 08:06 3138739    /usr/lib/libbonobo-activation.so.4.0.0
7ee3b000-7ee3c000 r-xp 00012000 08:06 3138739    /usr/lib/libbonobo-activation.so.4.0.0
7ee3c000-7ee3d000 rwxp 00013000 08:06 3138739    /usr/lib/libbonobo-activation.so.4.0.0
7ee3d000-7ee3e000 rwxp 00000000 00:00 0 
7ee3e000-7ee8f000 r-xp 00000000 08:06 3138738    /usr/lib/libbonobo-2.so.0.0.0
7ee8f000-7ee90000 ---p 00051000 08:06 3138738    /usr/lib/libbonobo-2.so.0.0.0
7ee90000-7ee93000 r-xp 00051000 08:06 3138738    /usr/lib/libbonobo-2.so.0.0.0
7ee93000-7ee9a000 rwxp 00054000 08:06 3138738    /usr/lib/libbonobo-2.so.0.0.0
7ee9a000-7eede000 r-xp 00000000 08:06 3139901    /usr/lib/libspi.so.0.10.11
7eede000-7eee1000 r-xp 00043000 08:06 3139901    /usr/lib/libspi.so.0.10.11
7eee1000-7eee9000 rwxp 00046000 08:06 3139901    /usr/lib/libspi.so.0.10.11
7eee9000-7eeec000 r-xs 00000000 08:06 3812237    /var/cache/fontconfig/6eb3985aa4124903f6ff08ba781cd364-le32d4.cache-3
7eeec000-7eef7000 r-xs 00000000 08:06 3812179    /var/cache/fontconfig/0f34bcd4b6ee430af32735b75db7f02b-le32d4.cache-3
7eef7000-7eefa000 r-xs 00000000 08:06 3812188    /var/cache/fontconfig/d60319d88cac85ba9e1a07bd06cfbb8c-le32d4.cache-3
7eefa000-7eefc000 r-xs 00000000 08:06 3812185    /var/cache/fontconfig/2c5ba8142dffc8bf0377700342b8ca1a-le32d4.cache-3
7eefc000-7ef04000 r-xs 00000000 08:06 3809374    /var/cache/fontconfig/d52a8644073d54c13679302ca1180695-le32d4.cache-3
7ef04000-7ef0a000 r-xp 00000000 08:06 925795     /usr/lib/libgailutil.so.18.0.1
7ef0a000-7ef0b000 r-xp 00005000 08:06 925795     /usr/lib/libgailutil.so.18.0.1
7ef0b000-7ef0c000 rwxp 00006000 08:06 925795     /usr/lib/libgailutil.so.18.0.1
7ef0c000-7ef4d000 r-xp 00000000 08:06 3170555    /usr/lib/gtk-2.0/modules/libgail.so
7ef4d000-7ef4e000 r-xp 00040000 08:06 3170555    /usr/lib/gtk-2.0/modules/libgail.so
7ef4e000-7ef4f000 rwxp 00041000 08:06 3170555    /usr/lib/gtk-2.0/modules/libgail.so
7ef4f000-7ef75000 r-xp 00000000 08:06 2654319    /usr/lib/gtk-2.0/2.10.0/engines/libmurrine.so
7ef75000-7ef76000 r-xp 00025000 08:06 2654319    /usr/lib/gtk-2.0/2.10.0/engines/libmurrine.so
7ef76000-7ef77000 rwxp 00026000 08:06 2654319    /usr/lib/gtk-2.0/2.10.0/engines/libmurrine.so
7ef77000-7ef9b000 r-xp 00000000 08:06 4014101    /lib/libexpat.so.1.5.2
7ef9b000-7ef9d000 r-xp 00024000 08:06 4014101    /lib/libexpat.so.1.5.2
7ef9d000-7ef9e000 rwxp 00026000 08:06 4014101    /lib/libexpat.so.1.5.2
7ef9e000-7efb7000 r-xp 00000000 08:06 2064451    /lib/libselinux.so.1
7efb7000-7efb8000 r-xp 00018000 08:06 2064451    /lib/libselinux.so.1
7efb8000-7efb9000 rwxp 00019000 08:06 2064451    /lib/libselinux.so.1
7efb9000-7efc9000 r-xp 00000000 08:06 550900     /lib/tls/i686/cmov/libresolv-2.11.1.so
7efc9000-7efca000 r-xp 00010000 08:06 550900     /lib/tls/i686/cmov/libresolv-2.11.1.so
7efca000-7efcb000 rwxp 00011000 08:06 550900     /lib/tls/i686/cmov/libresolv-2.11.1.so
7efcb000-7efcd000 rwxp 00000000 00:00 0 
7efcd000-7effc000 r-xp 00000000 08:06 4014181    /lib/libpcre.so.3.12.1
7effc000-7effd000 r-xp 0002e000 08:06 4014181    /lib/libpcre.so.3.12.1
7effd000-7effe000 rwxp 0002f000 08:06 4014181    /lib/libpcre.so.3.12.1
7effe000-7f004000 r-xp 00000000 08:06 3138665    /usr/lib/libxcb-render.so.0.0.0
7f004000-7f005000 r-xp 00005000 08:06 3138665    /usr/lib/libxcb-render.so.0.0.0
7f005000-7f006000 rwxp 00006000 08:06 3138665    /usr/lib/libxcb-render.so.0.0.0
7f006000-7f009000 r-xp 00000000 08:06 3138697    /usr/lib/libxcb-render-util.so.0.0.0
7f009000-7f00a000 r-xp 00002000 08:06 3138697    /usr/lib/libxcb-render-util.so.0.0.0
7f00a000-7f00b000 rwxp 00003000 08:06 3138697    /usr/lib/libxcb-render-util.so.0.0.0
7f00b000-7f02e000 r-xp 00000000 08:06 4014623    /lib/libpng12.so.0.42.0
7f02e000-7f02f000 r-xp 00022000 08:06 4014623    /lib/libpng12.so.0.42.0
7f02f000-7f030000 rwxp 00023000 08:06 4014623    /lib/libpng12.so.0.42.0
7f030000-7f044000 r-xp 00000000 08:06 3139748    /usr/lib/libdirect-1.2.so.0.8.0
7f044000-7f045000 r-xp 00013000 08:06 3139748    /usr/lib/libdirect-1.2.so.0.8.0
7f045000-7f046000 rwxp 00014000 08:06 3139748    /usr/lib/libdirect-1.2.so.0.8.0
7f046000-7f04e000 r-xp 00000000 08:06 3139789    /usr/lib/libfusion-1.2.so.0.8.0
7f04e000-7f04f000 r-xp 00007000 08:06 3139789    /usr/lib/libfusion-1.2.so.0.8.0
7f04f000-7f050000 rwxp 00008000 08:06 3139789    /usr/lib/libfusion-1.2.so.0.8.0
7f050000-7f0c3000 r-xp 00000000 08:06 3139759    /usr/lib/libdirectfb-1.2.so.0.8.0
7f0c3000-7f0c4000 ---p 00073000 08:06 3139759    /usr/lib/libdirectfb-1.2.so.0.8.0
7f0c4000-7f0c5000 r-xp 00073000 08:06 3139759    /usr/lib/libdirectfb-1.2.so.0.8.0
7f0c5000-7f0c6000 rwxp 00074000 08:06 3139759    /usr/lib/libdirectfb-1.2.so.0.8.0
7f0c6000-7f0c7000 rwxp 00000000 00:00 0 
7f0c7000-7f11e000 r-xp 00000000 08:06 3138599    /usr/lib/libpixman-1.so.0.16.4
7f11e000-7f120000 r-xp 00057000 08:06 3138599    /usr/lib/libpixman-1.so.0.16.4
7f120000-7f121000 rwxp 00059000 08:06 3138599    /usr/lib/libpixman-1.so.0.16.4
7f121000-7f1e9000 r-xp 00000000 08:06 2064385    /lib/libglib-2.0.so.0.2400.1
7f1e9000-7f1ea000 r-xp 000c7000 08:06 2064385    /lib/libglib-2.0.so.0.2400.1
7f1ea000-7f1eb000 rwxp 000c8000 08:06 2064385    /lib/libglib-2.0.so.0.2400.1
7f1eb000-7f228000 r-xp 00000000 08:06 3140052    /usr/lib/libgobject-2.0.so.0.2400.1
7f228000-7f229000 r-xp 0003c000 08:06 3140052    /usr/lib/libgobject-2.0.so.0.2400.1
7f229000-7f22a000 rwxp 0003d000 08:06 3140052    /usr/lib/libgobject-2.0.so.0.2400.1
7f22a000-7f258000 r-xp 00000000 08:06 3137761    /usr/lib/libfontconfig.so.1.4.4
7f258000-7f259000 r-xp 0002d000 08:06 3137761    /usr/lib/libfontconfig.so.1.4.4
7f259000-7f25a000 rwxp 0002e000 08:06 3137761    /usr/lib/libfontconfig.so.1.4.4
7f25a000-7f2cb000 r-xp 00000000 08:06 3140149    /usr/lib/libfreetype.so.6.3.22
7f2cb000-7f2cf000 r-xp 00070000 08:06 3140149    /usr/lib/libfreetype.so.6.3.22
7f2cf000-7f2d0000 rwxp 00074000 08:06 3140149    /usr/lib/libfreetype.so.6.3.22
7f2d0000-7f310000 r-xp 00000000 08:06 3139811    /usr/lib/libpango-1.0.so.0.2800.0
7f310000-7f311000 ---p 00040000 08:06 3139811    /usr/lib/libpango-1.0.so.0.2800.0
7f311000-7f312000 r-xp 00040000 08:06 3139811    /usr/lib/libpango-1.0.so.0.2800.0
7f312000-7f313000 rwxp 00041000 08:06 3139811    /usr/lib/libpango-1.0.so.0.2800.0
7f313000-7f3ad000 r-xp 00000000 08:06 3140627    /usr/lib/libgio-2.0.so.0.2400.1
7f3ad000-7f3ae000 ---p 0009a000 08:06 3140627    /usr/lib/libgio-2.0.so.0.2400.1
7f3ae000-7f3af000 r-xp 0009a000 08:06 3140627    /usr/lib/libgio-2.0.so.0.2400.1
7f3af000-7f3b0000 rwxp 0009b000 08:06 3140627    /usr/lib/libgio-2.0.so.0.2400.1
7f3b0000-7f3b1000 rwxp 00000000 00:00 0 
7f3b1000-7f428000 r-xp 00000000 08:06 3138719    /usr/lib/libcairo.so.2.10800.10
7f428000-7f42a000 r-xp 00076000 08:06 3138719    /usr/lib/libcairo.so.2.10800.10
7f42a000-7f42b000 rwxp 00078000 08:06 3138719    /usr/lib/libcairo.so.2.10800.10
7f42b000-7f7f8000 r-xp 00000000 08:06 925799     /usr/lib/libgtk-x11-2.0.so.0.2000.1
7f7f8000-7f7fc000 r-xp 003cd000 08:06 925799     /usr/lib/libgtk-x11-2.0.so.0.2000.1
7f7fc000-7f7fe000 rwxp 003d1000 08:06 925799     /usr/lib/libgtk-x11-2.0.so.0.2000.1
7f7fe000-7f800000 rwxp 00000000 00:00 0 
7f800000-7f8ee000 rwxp 00000000 00:00 0 
7f8ee000-7f900000 ---p 00000000 00:00 0 
7f900000-7f904000 r-xp 00000000 08:06 3140626    /usr/lib/libgthread-2.0.so.0.2400.1
7f904000-7f905000 r-xp 00003000 08:06 3140626    /usr/lib/libgthread-2.0.so.0.2400.1
7f905000-7f906000 rwxp 00004000 08:06 3140626    /usr/lib/libgthread-2.0.so.0.2400.1
7f906000-7f919000 r-xp 00000000 08:06 4014183    /lib/libz.so.1.2.3.3
7f919000-7f91a000 r-xp 00012000 08:06 4014183    /lib/libz.so.1.2.3.3
7f91a000-7f91b000 rwxp 00013000 08:06 4014183    /lib/libz.so.1.2.3.3
7f91b000-7f940000 r-xp 00000000 08:06 3139971    /usr/lib/libpangoft2-1.0.so.0.2800.0
7f940000-7f941000 r-xp 00024000 08:06 3139971    /usr/lib/libpangoft2-1.0.so.0.2800.0
7f941000-7f942000 rwxp 00025000 08:06 3139971    /usr/lib/libpangoft2-1.0.so.0.2800.0
7f942000-7f95b000 r-xp 00000000 08:06 3138950    /usr/lib/libatk-1.0.so.0.3009.1
7f95b000-7f95c000 ---p 00019000 08:06 3138950    /usr/lib/libatk-1.0.so.0.3009.1
7f95c000-7f95d000 r-xp 00019000 08:06 3138950    /usr/lib/libatk-1.0.so.0.3009.1
7f95d000-7f95e000 rwxp 0001a000 08:06 3138950    /usr/lib/libatk-1.0.so.0.3009.1
7f95e000-7f968000 r-xp 00000000 08:06 3139841    /usr/lib/libpangocairo-1.0.so.0.2800.0
7f968000-7f969000 r-xp 00009000 08:06 3139841    /usr/lib/libpangocairo-1.0.so.0.2800.0
7f969000-7f96a000 rwxp 0000a000 08:06 3139841    /usr/lib/libpangocairo-1.0.so.0.2800.0
7f96a000-7f9fd000 r-xp 00000000 08:06 925801     /usr/lib/libgdk-x11-2.0.so.0.2000.1
7f9fd000-7f9ff000 r-xp 00093000 08:06 925801     /usr/lib/libgdk-x11-2.0.so.0.2000.1
7f9ff000-7fa00000 rwxp 00095000 08:06 925801     /usr/lib/libgdk-x11-2.0.so.0.2000.1
7fa00000-7faf8000 rwxp 00000000 00:00 0 
7faf8000-7fb00000 ---p 00000000 00:00 0 
7fb00000-7fb02000 r-xs 00000000 08:06 3810401    /var/cache/fontconfig/b5ea634b0fb353b8ea17632d1f9ef766-le32d4.cache-3
7fb02000-7fb05000 r-xp 00000000 08:06 3140625    /usr/lib/libgmodule-2.0.so.0.2400.1
7fb05000-7fb06000 r-xp 00002000 08:06 3140625    /usr/lib/libgmodule-2.0.so.0.2400.1
7fb06000-7fb07000 rwxp 00003000 08:06 3140625    /usr/lib/libgmodule-2.0.so.0.2400.1
7fb07000-7fb1f000 r-xp 00000000 08:06 925802     /usr/lib/libgdk_pixbuf-2.0.so.0.2000.1
7fb1f000-7fb20000 r-xp 00017000 08:06 925802     /usr/lib/libgdk_pixbuf-2.0.so.0.2000.1
7fb20000-7fb21000 rwxp 00018000 08:06 925802     /usr/lib/libgdk_pixbuf-2.0.so.0.2000.1
7fb21000-7fb24000 ---p 00000000 00:00 0 
7fb24000-7fb72000 rwxp 00000000 00:00 0 
7fb72000-7fb73000 r-xs 00000000 08:06 3812195    /var/cache/fontconfig/26de28bc8622bbc1fb67fd234c21975f-le32d4.cache-3
7fb73000-7fb74000 r-xs 00000000 08:06 3812193    /var/cache/fontconfig/c05880de57d1f5e948fdfacc138775d9-le32d4.cache-3
7fb74000-7fb7a000 r-xs 00000000 08:06 3812260    /var/cache/fontconfig/945677eb7aeaf62f1d50efc3fb3ec7d8-le32d4.cache-3
7fb7a000-7fb7d000 r-xs 00000000 08:06 3812251    /var/cache/fontconfig/99e8ed0e538f840c565b6ed5dad60d56-le32d4.cache-3
7fb7d000-7fb7f000 r-xs 00000000 08:06 3812248    /var/cache/fontconfig/f24b2111ab8703b4e963115a8cf14259-le32d4.cache-3
7fb7f000-7fb82000 r-xs 00000000 08:06 3812184    /var/cache/fontconfig/e383d7ea5fbe662a33d9b44caf393297-le32d4.cache-3
7fb82000-7fb83000 r-xs 00000000 08:06 3812241    /var/cache/fontconfig/e7071f4a29fa870f4323321c154eba04-le32d4.cache-3
7fb83000-7fb85000 r-xs 00000000 08:06 3810401    /var/cache/fontconfig/b5ea634b0fb353b8ea17632d1f9ef766-le32d4.cache-3
7fb85000-7fb88000 r-xs 00000000 08:06 3812237    /var/cache/fontconfig/6eb3985aa4124903f6ff08ba781cd364-le32d4.cache-3
7fb88000-7fb89000 r-xs 00000000 08:06 3812186    /var/cache/fontconfig/4c73fe0c47614734b17d736dbde7580a-le32d4.cache-3
7fb89000-7fb8a000 r-xs 00000000 08:06 3812190    /var/cache/fontconfig/0d8c3b2ac0904cb8a57a757ad11a4a08-le32d4.cache-3
7fb8a000-7fb8b000 r-xs 00000000 08:06 3812212    /var/cache/fontconfig/6a53c69dea097a2d716e069445527da8-le32d4.cache-3
7fb8b000-7fb8f000 r-xs 00000000 08:06 3812210    /var/cache/fontconfig/062808c12e6e608270f93bb230aed730-le32d4.cache-3
7fb8f000-7fb93000 r-xs 00000000 08:06 3812208    /var/cache/fontconfig/a755afe4a08bf5b97852ceb7400b47bc-le32d4.cache-3
7fb93000-7fb9a000 r-xs 00000000 08:06 3812197    /var/cache/fontconfig/6d41288fd70b0be22e8c3a91e032eec0-le32d4.cache-3
7fb9a000-7fba5000 r-xs 00000000 08:06 3812179    /var/cache/fontconfig/0f34bcd4b6ee430af32735b75db7f02b-le32d4.cache-3
7fba5000-7fba8000 r-xs 00000000 08:06 3812188    /var/cache/fontconfig/d60319d88cac85ba9e1a07bd06cfbb8c-le32d4.cache-3
7fba8000-7fba9000 r-xs 00000000 08:06 3810145    /var/cache/fontconfig/9451a55048e8dbe8633e64d34165fdf2-le32d4.cache-3
7fba9000-7fbaa000 r-xs 00000000 08:06 3812191    /var/cache/fontconfig/4794a0821666d79190d59a36cb4f44b5-le32d4.cache-3
7fbaa000-7fbcc000 r-xs 00000000 08:06 3812181    /var/cache/fontconfig/365b55f210c0a22e9a19e35191240f32-le32d4.cache-3
7fbcc000-7fbcd000 r-xs 00000000 08:06 3812241    /var/cache/fontconfig/e7071f4a29fa870f4323321c154eba04-le32d4.cache-3
7fbcd000-7fbcf000 r-xp 00000000 08:06 3140482    /usr/lib/libXdamage.so.1.1.0
7fbcf000-7fbd0000 r-xp 00001000 08:06 3140482    /usr/lib/libXdamage.so.1.1.0
7fbd0000-7fbd1000 rwxp 00002000 08:06 3140482    /usr/lib/libXdamage.so.1.1.0
7fbd1000-7fbd3000 r-xp 00000000 08:06 3140476    /usr/lib/libXcomposite.so.1.0.0
7fbd3000-7fbd4000 r-xp 00001000 08:06 3140476    /usr/lib/libXcomposite.so.1.0.0
7fbd4000-7fbd5000 rwxp 00002000 08:06 3140476    /usr/lib/libXcomposite.so.1.0.0
7fbd5000-7fbdb000 r-xp 00000000 08:06 3140191    /usr/lib/libXrandr.so.2.2.0
7fbdb000-7fbdc000 r-xp 00005000 08:06 3140191    /usr/lib/libXrandr.so.2.2.0
7fbdc000-7fbdd000 rwxp 00006000 08:06 3140191    /usr/lib/libXrandr.so.2.2.0
7fbdd000-7fbe0000 ---p 00000000 00:00 0 
7fbe0000-7fc2e000 rwxp 00000000 00:00 0 
7fc2e000-7fc31000 ---p 00000000 00:00 0 
7fc31000-7fc7f000 rwxp 00000000 00:00 0 
7fc7f000-7fc87000 r-xp 00000000 08:06 3138629    /usr/lib/libXrender.so.1.3.0
7fc87000-7fc88000 r-xp 00007000 08:06 3138629    /usr/lib/libXrender.so.1.3.0
7fc88000-7fc89000 rwxp 00008000 08:06 3138629    /usr/lib/libXrender.so.1.3.0
7fc89000-7fc91000 r-xp 00000000 08:06 3140479    /usr/lib/libXcursor.so.1.0.2
7fc91000-7fc92000 r-xp 00007000 08:06 3140479    /usr/lib/libXcursor.so.1.0.2
7fc92000-7fc93000 rwxp 00008000 08:06 3140479    /usr/lib/libXcursor.so.1.0.2
7fc93000-7fc94000 r-xs 00000000 08:06 3812186    /var/cache/fontconfig/4c73fe0c47614734b17d736dbde7580a-le32d4.cache-3
7fc94000-7fc95000 r-xs 00000000 08:06 3812190    /var/cache/fontconfig/0d8c3b2ac0904cb8a57a757ad11a4a08-le32d4.cache-3
7fc95000-7fc9d000 r-xs 00000000 08:06 3809353    /var/cache/fontconfig/e13b20fdb08344e0e664864cc2ede53d-le32d4.cache-3
7fc9d000-7fca0000 r-xs 00000000 08:06 3810393    /var/cache/fontconfig/7ef2298fde41cc6eeb7af42e48b7d293-le32d4.cache-3
7fca0000-7fca4000 r-xp 00000000 08:06 3138997    /usr/lib/libORBitCosNaming-2.so.0.1.0
7fca4000-7fca5000 r-xp 00003000 08:06 3138997    /usr/lib/libORBitCosNaming-2.so.0.1.0
7fca5000-7fca6000 rwxp 00004000 08:06 3138997    /usr/lib/libORBitCosNaming-2.so.0.1.0
7fca6000-7fcac000 r-xp 00000000 08:06 3170379    /usr/lib/gtk-2.0/modules/libatk-bridge.so
7fcac000-7fcad000 r-xp 00005000 08:06 3170379    /usr/lib/gtk-2.0/modules/libatk-bridge.so
7fcad000-7fcae000 rwxp 00006000 08:06 3170379    /usr/lib/gtk-2.0/modules/libatk-bridge.so
7fcae000-7fcb1000 ---p 00000000 00:00 0 
7fcb1000-7fcff000 rwxp 00000000 00:00 0 
7fcff000-7fd7e000 r-xp 00000000 08:06 3564803    /usr/lib/jvm/java-6-sun-1.6.0.20/jre/lib/i386/libfontmanager.so
7fd7e000-7fd89000 rwxp 0007e000 08:06 3564803    /usr/lib/jvm/java-6-sun-1.6.0.20/jre/lib/i386/libfontmanager.so
7fd89000-7fd8d000 rwxp 00000000 00:00 0 
7fd8d000-7fda5000 r-xp 00000000 08:06 3139300    /usr/lib/libxcb.so.1.1.0
7fda5000-7fda6000 r-xp 00017000 08:06 3139300    /usr/lib/libxcb.so.1.1.0
7fda6000-7fda7000 rwxp 00018000 08:06 3139300    /usr/lib/libxcb.so.1.1.0
7fda7000-7fdb3000 r-xp 00000000 08:06 3139271    /usr/lib/libXi.so.6.1.0
7fdb3000-7fdb4000 r-xp 0000c000 08:06 3139271    /usr/lib/libXi.so.6.1.0
7fdb4000-7fdb5000 rwxp 0000d000 08:06 3139271    /usr/lib/libXi.so.6.1.0
7fdb5000-7fece000 r-xp 00000000 08:06 3139326    /usr/lib/libX11.so.6.3.0
7fece000-7fecf000 r-xp 00118000 08:06 3139326    /usr/lib/libX11.so.6.3.0
7fecf000-7fed1000 rwxp 00119000 08:06 3139326    /usr/lib/libX11.so.6.3.0
7fed1000-7fed2000 rwxp 00000000 00:00 0 
7fed2000-7fee0000 r-xp 00000000 08:06 3139256    /usr/lib/libXext.so.6.4.0
7fee0000-7fee1000 r-xp 0000d000 08:06 3139256    /usr/lib/libXext.so.6.4.0
7fee1000-7fee2000 rwxp 0000e000 08:06 3139256    /usr/lib/libXext.so.6.4.0
7fee2000-7ff25000 r-xp 00000000 08:06 3564800    /usr/lib/jvm/java-6-sun-1.6.0.20/jre/lib/i386/xawt/libmawt.so
7ff25000-7ff27000 rwxp 00043000 08:06 3564800    /usr/lib/jvm/java-6-sun-1.6.0.20/jre/lib/i386/xawt/libmawt.so
7ff27000-7ff28000 rwxp 00000000 00:00 0 
7ff28000-7ffac000 r-xp 00000000 08:06 3564798    /usr/lib/jvm/java-6-sun-1.6.0.20/jre/lib/i386/libawt.so
7ffac000-7ffb3000 rwxp 00084000 08:06 3564798    /usr/lib/jvm/java-6-sun-1.6.0.20/jre/lib/i386/libawt.so
7ffb3000-7ffd7000 rwxp 00000000 00:00 0 
7ffd7000-7ffda000 ---p 00000000 00:00 0 
7ffda000-80058000 rwxp 00000000 00:00 0 
80058000-80059000 r-xs 00000000 08:06 3812212    /var/cache/fontconfig/6a53c69dea097a2d716e069445527da8-le32d4.cache-3
80059000-8005a000 r-xs 00000000 08:06 3810145    /var/cache/fontconfig/9451a55048e8dbe8633e64d34165fdf2-le32d4.cache-3
8005a000-8005c000 r-xp 00000000 08:06 3139869    /usr/lib/libXinerama.so.1.0.0
8005c000-8005d000 r-xp 00001000 08:06 3139869    /usr/lib/libXinerama.so.1.0.0
8005d000-8005e000 rwxp 00002000 08:06 3139869    /usr/lib/libXinerama.so.1.0.0
8005e000-80062000 r-xp 00000000 08:06 3139151    /usr/lib/libXdmcp.so.6.0.0
80062000-80063000 r-xp 00003000 08:06 3139151    /usr/lib/libXdmcp.so.6.0.0
80063000-80064000 rwxp 00004000 08:06 3139151    /usr/lib/libXdmcp.so.6.0.0
80064000-80068000 r-xp 00000000 08:06 3140472    /usr/lib/libXfixes.so.3.1.0
80068000-80069000 r-xp 00003000 08:06 3140472    /usr/lib/libXfixes.so.3.1.0
80069000-8006a000 rwxp 00004000 08:06 3140472    /usr/lib/libXfixes.so.3.1.0
8006a000-8006c000 r-xs 00000000 08:06 3812185    /var/cache/fontconfig/2c5ba8142dffc8bf0377700342b8ca1a-le32d4.cache-3
8006c000-80074000 r-xs 00000000 08:06 3809374    /var/cache/fontconfig/d52a8644073d54c13679302ca1180695-le32d4.cache-3
80074000-8007c000 r-xs 00000000 08:06 3809353    /var/cache/fontconfig/e13b20fdb08344e0e664864cc2ede53d-le32d4.cache-3
8007c000-8007f000 r-xs 00000000 08:06 3810393    /var/cache/fontconfig/7ef2298fde41cc6eeb7af42e48b7d293-le32d4.cache-3
8007f000-80080000 ---p 00000000 00:00 0 
80080000-80100000 rwxp 00000000 00:00 0 
80100000-801e7000 rwxp 00000000 00:00 0 
801e7000-80200000 ---p 00000000 00:00 0 
80200000-80201000 r-xs 00000000 08:06 3812191    /var/cache/fontconfig/4794a0821666d79190d59a36cb4f44b5-le32d4.cache-3
80201000-80205000 r-xp 00000000 08:06 3137850    /usr/lib/libXtst.so.6.1.0
80205000-80206000 r-xp 00003000 08:06 3137850    /usr/lib/libXtst.so.6.1.0
80206000-80207000 rwxp 00004000 08:06 3137850    /usr/lib/libXtst.so.6.1.0
80207000-8020a000 ---p 00000000 00:00 0 
8020a000-80258000 rwxp 00000000 00:00 0 
80258000-8025b000 ---p 00000000 00:00 0 
8025b000-802d9000 rwxp 00000000 00:00 0 
802d9000-802dc000 ---p 00000000 00:00 0 
802dc000-8032a000 rwxp 00000000 00:00 0 
8032a000-8032d000 ---p 00000000 00:00 0 
8032d000-8037b000 rwxp 00000000 00:00 0 
8037b000-8037e000 ---p 00000000 00:00 0 
8037e000-803cc000 rwxp 00000000 00:00 0 
803cc000-803cf000 r-xp 00000000 08:06 3564814    /usr/lib/jvm/java-6-sun-1.6.0.20/jre/lib/i386/libdt_socket.so
803cf000-803d0000 rwxp 00003000 08:06 3564814    /usr/lib/jvm/java-6-sun-1.6.0.20/jre/lib/i386/libdt_socket.so
803d0000-803d3000 ---p 00000000 00:00 0 
803d3000-80421000 rwxp 00000000 00:00 0 
80421000-80424000 ---p 00000000 00:00 0 
80424000-80472000 rwxp 00000000 00:00 0 
80472000-80475000 ---p 00000000 00:00 0 
80475000-804c3000 rwxp 00000000 00:00 0 
804c3000-804c4000 ---p 00000000 00:00 0 
804c4000-80577000 rwxp 00000000 00:00 0 
80577000-8070d000 r-xs 02fd0000 08:06 3564951    /usr/lib/jvm/java-6-sun-1.6.0.20/jre/lib/rt.jar
8070d000-8070e000 ---p 00000000 00:00 0 
8070e000-8078e000 rwxp 00000000 00:00 0 
8078e000-8078f000 ---p 00000000 00:00 0 
8078f000-80817000 rwxp 00000000 00:00 0 
80817000-8082f000 rwxp 00000000 00:00 0 
8082f000-8083f000 rwxp 00000000 00:00 0 
8083f000-80929000 rwxp 00000000 00:00 0 
80929000-80931000 rwxp 00000000 00:00 0 
80931000-80949000 rwxp 00000000 00:00 0 
80949000-80959000 rwxp 00000000 00:00 0 
80959000-80a42000 rwxp 00000000 00:00 0 
80a42000-80a4b000 rwxp 00000000 00:00 0 
80a4b000-80abf000 rwxp 00000000 00:00 0 
80abf000-81ac0000 rwxp 00000000 00:00 0 
81ac0000-84ac0000 rwxp 00000000 00:00 0 
84ac0000-869f0000 rwxp 00000000 00:00 0 
869f0000-a3d70000 rwxp 00000000 00:00 0 
a3d70000-a4d00000 rwxp 00000000 00:00 0 
a4d00000-b36c0000 rwxp 00000000 00:00 0 
b36c0000-b36c2000 r-xp 00000000 08:06 3138920    /usr/lib/libXau.so.6.0.0
b36c2000-b36c3000 r-xp 00001000 08:06 3138920    /usr/lib/libXau.so.6.0.0
b36c3000-b36c4000 rwxp 00002000 08:06 3138920    /usr/lib/libXau.so.6.0.0
b36c4000-b36c5000 r-xs 00000000 08:06 1616027    /usr/share/netbeans/java3/modules/ext/AbsoluteLayout.jar
b36c5000-b36c9000 r-xs 0028c000 08:06 3377064    /home/drone/NetBeansProjects/Suomea/lib/sqlitejdbc-v056.jar
b36c9000-b36d2000 rwxp 00000000 00:00 0 
b36d2000-b3789000 rwxp 00000000 00:00 0 
b3789000-b39c9000 rwxp 00000000 00:00 0 
b39c9000-b6789000 rwxp 00000000 00:00 0 
b6789000-b6793000 r-xp 00000000 08:06 550894     /lib/tls/i686/cmov/libnss_files-2.11.1.so
b6793000-b6794000 r-xp 00009000 08:06 550894     /lib/tls/i686/cmov/libnss_files-2.11.1.so
b6794000-b6795000 rwxp 0000a000 08:06 550894     /lib/tls/i686/cmov/libnss_files-2.11.1.so
b6795000-b679d000 r-xp 00000000 08:06 550896     /lib/tls/i686/cmov/libnss_nis-2.11.1.so
b679d000-b679e000 r-xp 00007000 08:06 550896     /lib/tls/i686/cmov/libnss_nis-2.11.1.so
b679e000-b679f000 rwxp 00008000 08:06 550896     /lib/tls/i686/cmov/libnss_nis-2.11.1.so
b679f000-b67a1000 r-xs 00002000 08:06 2514988    /usr/share/java/swing-worker-1.1.jar
b67a1000-b67b0000 r-xp 00000000 08:06 3564783    /usr/lib/jvm/java-6-sun-1.6.0.20/jre/lib/i386/libzip.so
b67b0000-b67b2000 rwxp 0000e000 08:06 3564783    /usr/lib/jvm/java-6-sun-1.6.0.20/jre/lib/i386/libzip.so
b67b2000-b67ba000 rwxs 00000000 08:06 2891796    /tmp/hsperfdata_drone/28930
b67ba000-b67f9000 r-xp 00000000 08:06 3197555    /usr/lib/locale/en_US.utf8/LC_CTYPE
b67f9000-b6917000 r-xp 00000000 08:06 3197556    /usr/lib/locale/en_US.utf8/LC_COLLATE
b6917000-b6951000 r-xp 00000000 08:06 3564813    /usr/lib/jvm/java-6-sun-1.6.0.20/jre/lib/i386/libjdwp.so
b6951000-b6952000 rwxp 00039000 08:06 3564813    /usr/lib/jvm/java-6-sun-1.6.0.20/jre/lib/i386/libjdwp.so
b6952000-b6965000 r-xp 00000000 08:06 550891     /lib/tls/i686/cmov/libnsl-2.11.1.so
b6965000-b6966000 r-xp 00012000 08:06 550891     /lib/tls/i686/cmov/libnsl-2.11.1.so
b6966000-b6967000 rwxp 00013000 08:06 550891     /lib/tls/i686/cmov/libnsl-2.11.1.so
b6967000-b6969000 rwxp 00000000 00:00 0 
b6969000-b696d000 r-xs 00049000 08:06 2514990    /usr/share/java/AppFramework-1.03.jar
b696d000-b6973000 r-xp 00000000 08:06 550892     /lib/tls/i686/cmov/libnss_compat-2.11.1.so
b6973000-b6974000 r-xp 00006000 08:06 550892     /lib/tls/i686/cmov/libnss_compat-2.11.1.so
b6974000-b6975000 rwxp 00007000 08:06 550892     /lib/tls/i686/cmov/libnss_compat-2.11.1.so
b6975000-b6976000 r-xp 00000000 08:06 3194909    /usr/lib/locale/en_US.utf8/LC_NUMERIC
b6976000-b6977000 r-xp 00000000 08:06 3197558    /usr/lib/locale/en_US.utf8/LC_MONETARY
b6977000-b6978000 r-xp 00000000 08:06 3197559    /usr/lib/locale/en_US.utf8/LC_MESSAGES/SYS_LC_MESSAGES
b6978000-b6979000 r-xp 00000000 08:06 3194915    /usr/lib/locale/en_US.utf8/LC_PAPER
b6979000-b697a000 r-xp 00000000 08:06 3194919    /usr/lib/locale/en_US.utf8/LC_NAME
b697a000-b697b000 r-xp 00000000 08:06 3197560    /usr/lib/locale/en_US.utf8/LC_ADDRESS
b697b000-b697c000 r-xp 00000000 08:06 3197561    /usr/lib/locale/en_US.utf8/LC_TELEPHONE
b697c000-b697d000 r-xp 00000000 08:06 3194922    /usr/lib/locale/en_US.utf8/LC_MEASUREMENT
b697d000-b6984000 r-xs 00000000 08:06 3155226    /usr/lib/gconv/gconv-modules.cache
b6984000-b69a7000 r-xp 00000000 08:06 3564781    /usr/lib/jvm/java-6-sun-1.6.0.20/jre/lib/i386/libjava.so
b69a7000-b69a9000 rwxp 00023000 08:06 3564781    /usr/lib/jvm/java-6-sun-1.6.0.20/jre/lib/i386/libjava.so
b69a9000-b69b0000 r-xp 00000000 08:06 550901     /lib/tls/i686/cmov/librt-2.11.1.so
b69b0000-b69b1000 r-xp 00006000 08:06 550901     /lib/tls/i686/cmov/librt-2.11.1.so
b69b1000-b69b2000 rwxp 00007000 08:06 550901     /lib/tls/i686/cmov/librt-2.11.1.so
b69b2000-b69b5000 ---p 00000000 00:00 0 
b69b5000-b6a03000 rwxp 00000000 00:00 0 
b6a03000-b6a27000 r-xp 00000000 08:06 550889     /lib/tls/i686/cmov/libm-2.11.1.so
b6a27000-b6a28000 r-xp 00023000 08:06 550889     /lib/tls/i686/cmov/libm-2.11.1.so
b6a28000-b6a29000 rwxp 00024000 08:06 550889     /lib/tls/i686/cmov/libm-2.11.1.so
b6a29000-b7135000 r-xp 00000000 08:06 3564772    /usr/lib/jvm/java-6-sun-1.6.0.20/jre/lib/i386/server/libjvm.so
b7135000-b7186000 rwxp 0070b000 08:06 3564772    /usr/lib/jvm/java-6-sun-1.6.0.20/jre/lib/i386/server/libjvm.so
b7186000-b75a5000 rwxp 00000000 00:00 0 
b75a5000-b76f8000 r-xp 00000000 08:06 550885     /lib/tls/i686/cmov/libc-2.11.1.so
b76f8000-b76f9000 ---p 00153000 08:06 550885     /lib/tls/i686/cmov/libc-2.11.1.so
b76f9000-b76fb000 r-xp 00153000 08:06 550885     /lib/tls/i686/cmov/libc-2.11.1.so
b76fb000-b76fc000 rwxp 00155000 08:06 550885     /lib/tls/i686/cmov/libc-2.11.1.so
b76fc000-b76ff000 rwxp 00000000 00:00 0 
b76ff000-b7701000 r-xp 00000000 08:06 550888     /lib/tls/i686/cmov/libdl-2.11.1.so
b7701000-b7702000 r-xp 00001000 08:06 550888     /lib/tls/i686/cmov/libdl-2.11.1.so
b7702000-b7703000 rwxp 00002000 08:06 550888     /lib/tls/i686/cmov/libdl-2.11.1.so
b7703000-b770a000 r-xp 00000000 08:06 3564782    /usr/lib/jvm/java-6-sun-1.6.0.20/jre/lib/i386/jli/libjli.so
b770a000-b770c000 rwxp 00006000 08:06 3564782    /usr/lib/jvm/java-6-sun-1.6.0.20/jre/lib/i386/jli/libjli.so
b770c000-b770d000 rwxp 00000000 00:00 0 
b770d000-b7722000 r-xp 00000000 08:06 550899     /lib/tls/i686/cmov/libpthread-2.11.1.so
b7722000-b7723000 r-xp 00014000 08:06 550899     /lib/tls/i686/cmov/libpthread-2.11.1.so
b7723000-b7724000 rwxp 00015000 08:06 550899     /lib/tls/i686/cmov/libpthread-2.11.1.so
b7724000-b7726000 rwxp 00000000 00:00 0 
b7726000-b7727000 r-xp 00000000 08:06 3197557    /usr/lib/locale/en_US.utf8/LC_TIME
b7727000-b7728000 r-xp 00000000 08:06 3197562    /usr/lib/locale/en_US.utf8/LC_IDENTIFICATION
b7728000-b772b000 r-xp 00000000 08:06 3564784    /usr/lib/jvm/java-6-sun-1.6.0.20/jre/lib/i386/libnpt.so
b772b000-b772c000 rwxp 00002000 08:06 3564784    /usr/lib/jvm/java-6-sun-1.6.0.20/jre/lib/i386/libnpt.so
b772c000-b7732000 r-xp 00000000 08:06 3564771    /usr/lib/jvm/java-6-sun-1.6.0.20/jre/lib/i386/native_threads/libhpi.so
b7732000-b7733000 rwxp 00006000 08:06 3564771    /usr/lib/jvm/java-6-sun-1.6.0.20/jre/lib/i386/native_threads/libhpi.so
b7733000-b7734000 rwxp 00000000 00:00 0 
b7734000-b7735000 r-xp 00000000 00:00 0 
b7735000-b7740000 r-xp 00000000 08:06 3564780    /usr/lib/jvm/java-6-sun-1.6.0.20/jre/lib/i386/libverify.so
b7740000-b7741000 rwxp 0000b000 08:06 3564780    /usr/lib/jvm/java-6-sun-1.6.0.20/jre/lib/i386/libverify.so
b7741000-b7743000 rwxp 00000000 00:00 0 
b7743000-b7744000 r-xp 00000000 00:00 0          [vdso]
b7744000-b775f000 r-xp 00000000 08:06 4014507    /lib/ld-2.11.1.so
b775f000-b7760000 r-xp 0001a000 08:06 4014507    /lib/ld-2.11.1.so
b7760000-b7761000 rwxp 0001b000 08:06 4014507    /lib/ld-2.11.1.so
bfde2000-bfdf7000 rwxp 00000000 00:00 0          [stack]

VM Arguments:
jvm_args: -Xdebug -Xrunjdwp:transport=dt_socket,address=asus:36413 -Dfile.encoding=UTF-8 
java_command: suomea.SuomeaApp
Launcher Type: SUN_STANDARD

Environment Variables:
PATH=/usr/local/sbin:/usr/local/bin:/usr/sbin:/usr/bin:/sbin:/bin:/usr/games
USERNAME=drone
LD_LIBRARY_PATH=/usr/lib/jvm/java-6-sun-1.6.0.20/jre/lib/i386/server:/usr/lib/jvm/java-6-sun-1.6.0.20/jre/lib/i386:/usr/lib/jvm/java-6-sun-1.6.0.20/jre/../lib/i386:/usr/lib/jvm/java-6-sun-1.6.0.20/jre/lib/i386/client:/usr/lib/jvm/java-6-sun-1.6.0.20/jre/lib/i386:/usr/lib/jvm/java-6-sun-1.6.0.20/jre/../lib/i386
SHELL=/bin/bash
DISPLAY=:0.0

Signal Handlers:
SIGSEGV: [libjvm.so+0x68d5c0], sa_mask[0]=0x7ffbfeff, sa_flags=0x10000004
SIGBUS: [libjvm.so+0x68d5c0], sa_mask[0]=0x7ffbfeff, sa_flags=0x10000004
SIGFPE: [libjvm.so+0x55cb30], sa_mask[0]=0x7ffbfeff, sa_flags=0x10000004
SIGPIPE: SIG_IGN, sa_mask[0]=0x00001000, sa_flags=0x10000000
SIGXFSZ: [libjvm.so+0x55cb30], sa_mask[0]=0x7ffbfeff, sa_flags=0x10000004
SIGILL: [libjvm.so+0x55cb30], sa_mask[0]=0x7ffbfeff, sa_flags=0x10000004
SIGUSR1: SIG_DFL, sa_mask[0]=0x00000000, sa_flags=0x00000000
SIGUSR2: [libjvm.so+0x55f770], sa_mask[0]=0x00000004, sa_flags=0x10000004
SIGHUP: [libjvm.so+0x55f4a0], sa_mask[0]=0x7ffbfeff, sa_flags=0x10000004
SIGINT: SIG_IGN, sa_mask[0]=0x00000000, sa_flags=0x00000000
SIGTERM: [libjvm.so+0x55f4a0], sa_mask[0]=0x7ffbfeff, sa_flags=0x10000004
SIGQUIT: [libjvm.so+0x55f4a0], sa_mask[0]=0x7ffbfeff, sa_flags=0x10000004


---------------  S Y S T E M  ---------------

OS:squeeze/sid

uname:Linux 2.6.32-24-generic #43-Ubuntu SMP Thu Sep 16 14:17:33 UTC 2010 i686
libc:glibc 2.11.1 NPTL 2.11.1 
rlimit: STACK 8192k, CORE 0k, NPROC infinity, NOFILE 4096, AS infinity
load average:0.79 0.74 0.70

CPU:total 2 (2 cores per cpu, 1 threads per core) family 6 model 23 stepping 10, cmov, cx8, fxsr, mmx, sse, sse2, sse3, ssse3, sse4.1

Memory: 4k page, physical 3062124k(445108k free), swap 8385888k(7545116k free)

vm_info: Java HotSpot(TM) Server VM (16.3-b01) for linux-x86 JRE (1.6.0_20-b02), built on Apr 12 2010 13:58:11 by "java_re" with gcc 3.2.1-7a (J2SE release)

time: Mon Oct 11 11:45:36 2010
elapsed time: 173 seconds

